0 silly argv {
0 silly argv   _: [ 'publish' ],
0 silly argv   'force-publish': true,
0 silly argv   forcePublish: true,
0 silly argv   composed: 'publish',
0 silly argv   lernaVersion: '6.6.2',
0 silly argv   '$0': 'node_modules\\lerna\\dist\\cli.js'
0 silly argv }
1 notice cli v6.6.2
2 verbose rootPath D:\project\shakil-design-release
3 verbose session be4f2702a2767674
4 verbose user-agent lerna/6.6.2/node@v18.14.2+ia32 (win32)
5 silly argv {
5 silly argv   _: [ 'publish' ],
5 silly argv   'force-publish': true,
5 silly argv   forcePublish: true,
5 silly argv   composed: 'publish',
5 silly argv   lernaVersion: '6.6.2'
5 silly argv }
6 verbose rootPath D:\project\shakil-design-release
7 info current version 0.0.60
8 silly isAnythingCommitted
9 verbose isAnythingCommitted 1
10 silly getCurrentBranch
11 verbose currentBranch master
12 silly remoteBranchExists
13 silly isBehindUpstream
14 silly isBehindUpstream master is behind origin/master by 0 commit(s) and ahead by 1
15 silly hasTags
16 verbose hasTags true
17 silly git-describe.sync "v0.0.58-3-g0b4be94-dirty" => {"lastTagName":"v0.0.58","lastVersion":"v0.0.58","refCount":"3","sha":"0b4be94","isDirty":true}
18 warn force-publish all packages
19 info Assuming all packages changed
20 verbose updated @shakil-design/asset
21 verbose updated @shakil-design/component
22 verbose updated @shakil-design/utils
23 verbose version Overriding version of @shakil-design/asset from 0.0.59 to 0.0.60
24 verbose version Overriding version of @shakil-design/component from 0.0.59 to 0.0.60
25 verbose version Overriding version of @shakil-design/utils from 0.0.59 to 0.0.60
26 silly fixed for @shakil-design/asset at D:\project\shakil-design-release\packages\asset
27 verbose getChangelogConfig using preset "conventional-changelog-angular"
28 silly npa Result {
28 silly npa   type: 'tag',
28 silly npa   registry: true,
28 silly npa   where: undefined,
28 silly npa   raw: 'conventional-changelog-angular',
28 silly npa   name: 'conventional-changelog-angular',
28 silly npa   escapedName: 'conventional-changelog-angular',
28 silly npa   scope: undefined,
28 silly npa   rawSpec: '',
28 silly npa   saveSpec: null,
28 silly npa   fetchSpec: 'latest',
28 silly npa   gitRange: undefined,
28 silly npa   gitCommittish: undefined,
28 silly npa   hosted: undefined
28 silly npa }
29 verbose getChangelogConfig Attempting to resolve preset "conventional-changelog-angular"
30 info getChangelogConfig Successfully resolved preset "conventional-changelog-angular"
31 verbose fixed increment 0.0.60 by patch
32 silly fixed for @shakil-design/component at D:\project\shakil-design-release\packages\components
33 verbose fixed increment 0.0.60 by patch
34 silly fixed for @shakil-design/utils at D:\project\shakil-design-release\packages\utils
35 verbose fixed increment 0.0.60 by patch
36 info auto-confirmed
37 info execute Skipping releases
38 silly lifecycle No script for "preversion" in "shakil-design", continuing
39 silly lifecycle No script for "preversion" in "@shakil-design/asset", continuing
40 silly lifecycle No script for "preversion" in "@shakil-design/component", continuing
41 silly lifecycle No script for "preversion" in "@shakil-design/utils", continuing
42 verbose version @shakil-design/utils has no lockfile. Skipping lockfile update.
43 verbose version @shakil-design/asset has no lockfile. Skipping lockfile update.
44 verbose version @shakil-design/component has no lockfile. Skipping lockfile update.
45 silly lifecycle No script for "version" in "@shakil-design/utils", continuing
46 silly fixed for @shakil-design/utils at D:\project\shakil-design-release\packages\utils
47 silly lifecycle No script for "version" in "@shakil-design/asset", continuing
48 silly fixed for @shakil-design/asset at D:\project\shakil-design-release\packages\asset
49 silly lifecycle No script for "version" in "@shakil-design/component", continuing
50 silly fixed for @shakil-design/component at D:\project\shakil-design-release\packages\components
51 silly fixed writing new entry: "## [0.0.61](https://github.com/sinacomsys/shakil-design/compare/v0.0.58...v0.0.61) (2023-12-20)\n\n**Note:** Version bump only for package @shakil-design/utils\n\n\n\n"
52 silly fixed writing new entry: "## [0.0.61](https://github.com/sinacomsys/shakil-design/compare/v0.0.58...v0.0.61) (2023-12-20)\n\n**Note:** Version bump only for package @shakil-design/component\n\n\n\n"
53 silly fixed writing new entry: "## [0.0.61](https://github.com/sinacomsys/shakil-design/compare/v0.0.58...v0.0.61) (2023-12-20)\n\n**Note:** Version bump only for package @shakil-design/asset\n\n\n\n"
54 verbose fixed wrote D:\project\shakil-design-release\packages\utils\CHANGELOG.md
55 verbose fixed wrote D:\project\shakil-design-release\packages\components\CHANGELOG.md
56 verbose fixed wrote D:\project\shakil-design-release\packages\asset\CHANGELOG.md
57 silly root for shakil-design at D:\project\shakil-design-release
58 silly root writing new entry: "## [0.0.61](https://github.com/sinacomsys/shakil-design/compare/v0.0.58...v0.0.61) (2023-12-20)\n\n**Note:** Version bump only for package shakil-design\n\n\n\n"
59 verbose root wrote D:\project\shakil-design-release\CHANGELOG.md
60 verbose version Detected yarn version 1.22.19
61 silly lifecycle No script for "version" in "shakil-design", continuing
62 silly version Successfully applied prettier to updated file: packages/utils/package.json
63 silly version Successfully applied prettier to updated file: packages/asset/package.json
64 silly version Successfully applied prettier to updated file: packages/components/package.json
65 silly version Successfully applied prettier to updated file: packages/utils/CHANGELOG.md
66 silly version Successfully applied prettier to updated file: packages/components/CHANGELOG.md
67 silly version Successfully applied prettier to updated file: packages/asset/CHANGELOG.md
68 silly version Successfully applied prettier to updated file: CHANGELOG.md
69 silly version Successfully applied prettier to updated file: lerna.json
70 silly gitAdd [
70 silly gitAdd   'packages/utils/package.json',
70 silly gitAdd   'packages/asset/package.json',
70 silly gitAdd   'packages/components/package.json',
70 silly gitAdd   'packages/utils/CHANGELOG.md',
70 silly gitAdd   'packages/components/CHANGELOG.md',
70 silly gitAdd   'packages/asset/CHANGELOG.md',
70 silly gitAdd   'CHANGELOG.md',
70 silly gitAdd   'lerna.json'
70 silly gitAdd ]
71 silly gitCommit chore(plus-base): publish
72 verbose git [ 'commit', '-m', 'chore(plus-base): publish' ]
73 silly gitTag v0.0.61 git tag %s -m %s
74 verbose git [ 'tag', 'v0.0.61', '-m', 'v0.0.61' ]
75 silly lifecycle No script for "postversion" in "@shakil-design/asset", continuing
76 silly lifecycle No script for "postversion" in "@shakil-design/component", continuing
77 silly lifecycle No script for "postversion" in "@shakil-design/utils", continuing
78 silly lifecycle No script for "postversion" in "shakil-design", continuing
79 info git Pushing tags...
80 silly gitPush origin master
81 info publish Publishing packages to npm...
82 warn ENOLICENSE Packages @shakil-design/asset, @shakil-design/component, and @shakil-design/utils are missing a license.
82 warn ENOLICENSE One way to fix this is to add a LICENSE.md file to the root of this repository.
82 warn ENOLICENSE See https://choosealicense.com for additional guidance.
83 silly getCurrentSHA
84 verbose getCurrentSHA 7ec67c6ce604199b627e85978a61b8b258069efc
85 silly lifecycle No script for "prepublish" in "shakil-design", continuing
86 silly lifecycle "prepare" starting in "shakil-design"
87 info lifecycle shakil-design@0.0.0~prepare: shakil-design@0.0.0
88 silly lifecycle "prepare" finished in "shakil-design"
89 silly lifecycle No script for "prepublishOnly" in "shakil-design", continuing
90 silly lifecycle No script for "prepack" in "shakil-design", continuing
91 verbose pack-directory packages\asset
92 verbose pack-directory packages\components
93 verbose pack-directory packages\utils
94 silly lifecycle No script for "prepublish" in "@shakil-design/asset", continuing
95 silly lifecycle No script for "prepublish" in "@shakil-design/component", continuing
96 silly lifecycle No script for "prepublish" in "@shakil-design/utils", continuing
97 silly lifecycle No script for "prepare" in "@shakil-design/asset", continuing
98 silly lifecycle No script for "prepare" in "@shakil-design/component", continuing
99 silly lifecycle No script for "prepare" in "@shakil-design/utils", continuing
100 silly lifecycle No script for "prepublishOnly" in "@shakil-design/asset", continuing
101 silly lifecycle No script for "prepublishOnly" in "@shakil-design/component", continuing
102 silly lifecycle No script for "prepublishOnly" in "@shakil-design/utils", continuing
103 silly lifecycle No script for "prepack" in "@shakil-design/asset", continuing
104 silly lifecycle No script for "prepack" in "@shakil-design/component", continuing
105 silly lifecycle No script for "prepack" in "@shakil-design/utils", continuing
106 silly lifecycle No script for "postpack" in "@shakil-design/utils", continuing
107 verbose packed packages\utils
108 silly lifecycle No script for "postpack" in "@shakil-design/component", continuing
109 verbose packed packages\components
110 silly lifecycle No script for "postpack" in "@shakil-design/asset", continuing
111 verbose packed packages\asset
112 silly lifecycle No script for "postpack" in "shakil-design", continuing
113 verbose publish @shakil-design/asset
114 verbose publish @shakil-design/component
115 verbose publish @shakil-design/utils
116 silly lifecycle No script for "publish" in "@shakil-design/component", continuing
117 silly lifecycle No script for "postpublish" in "@shakil-design/component", continuing
118 success published @shakil-design/component 0.0.61
119 notice
120 notice package: @shakil-design/component@0.0.61
121 notice === Tarball Contents ===
122 notice 332B   src/stories/container/style.css
122 notice 1.3kB  src/atoms/baseIcon/autoGenerator.js
122 notice 3.4kB  dist/atoms/text/baseText/baseText.js
122 notice 1.5kB  dist/molecules/datepicker/utils/calendarMode.js
122 notice 607B   dist/molecules/datepicker/utils/checkDateIsValid.js
122 notice 746B   dist/molecules/datepicker/utils/chuckDaysOfMonth.js
122 notice 468B   dist/molecules/collapse/context.js
122 notice 374B   dist/molecules/datepicker/components/manualImportDate/context.js
122 notice 1.6kB  dist/molecules/datepicker/context.js
122 notice 418B   dist/molecules/radio/context.js
122 notice 5.1kB  dist/theme/context.js
122 notice 3.8kB  dist/atoms/baseIcon/createIconSet.js
122 notice 2.0kB  dist/molecules/radio/internalRadio/customCircle.js
122 notice 981B   dist/molecules/datepicker/utils/getDaysOfMonth.js
122 notice 116B   dist/atoms/baseIcon/iconNames.js
122 notice 7.9kB  dist/atoms/baseIcon/iconsContent.js
122 notice 2.6kB  dist/atoms/baseIcon/index.js
122 notice 6.2kB  dist/atoms/drawer/index.js
122 notice 1.2kB  dist/atoms/index.js
122 notice 3.6kB  dist/atoms/modal/index.js
122 notice 1.6kB  dist/atoms/scrollView/index.js
122 notice 3.5kB  dist/atoms/spinner/index.js
122 notice 8.0kB  dist/atoms/switch/index.js
122 notice 4.6kB  dist/atoms/text/index.js
122 notice 8.1kB  dist/atoms/tooltip/index.js
122 notice 989B   dist/index.js
122 notice 9.3kB  dist/molecules/button/index.js
122 notice 1.9kB  dist/molecules/checkbox/customSquare/index.js
122 notice 1.8kB  dist/molecules/checkbox/indeterminate/index.js
122 notice 5.0kB  dist/molecules/checkbox/index.js
122 notice 3.5kB  dist/molecules/collapse/index.js
122 notice 3.6kB  dist/molecules/collapse/panel/index.js
122 notice 2.9kB  dist/molecules/datepicker/components/calendar/index.js
122 notice 2.6kB  dist/molecules/datepicker/components/datePicker/index.js
122 notice 4.3kB  dist/molecules/datepicker/components/datePickerPanel/index.js
122 notice 8.6kB  dist/molecules/datepicker/components/datePickerProvider/index.js
122 notice 2.4kB  dist/molecules/datepicker/components/daysOfWeek/index.js
122 notice 2.6kB  dist/molecules/datepicker/components/expandIcon/index.js
122 notice 7.4kB  dist/molecules/datepicker/components/header/index.js
122 notice 4.9kB  dist/molecules/datepicker/components/inputDatePicker/index.js
122 notice 23.1kB dist/molecules/datepicker/components/manualImportDate/index.js
122 notice 7.8kB  dist/molecules/datepicker/components/matrix/index.js
122 notice 7.6kB  dist/molecules/datepicker/components/panel/index.js
122 notice 4.5kB  dist/molecules/datepicker/components/wrapperTemplate/index.js
122 notice 837B   dist/molecules/datepicker/index.js
122 notice 3.4kB  dist/molecules/file-input/index.js
122 notice 1.3kB  dist/molecules/index.js
122 notice 1.7kB  dist/molecules/noContent/index.js
122 notice 3.1kB  dist/molecules/radio/group/index.js
122 notice 321B   dist/molecules/radio/index.js
122 notice 9.1kB  dist/molecules/radio/internalRadio/index.js
122 notice 6.5kB  dist/molecules/tabs/index.js
122 notice 18.4kB dist/molecules/textInput/index.js
122 notice 1.1kB  dist/molecules/textInput/TextInputState/index.js
122 notice 5.0kB  dist/molecules/tree/collapse/index.js
122 notice 4.4kB  dist/molecules/tree/index.js
122 notice 4.4kB  dist/molecules/tree/item/defaultNode/index.js
122 notice 4.0kB  dist/molecules/tree/item/index.js
122 notice 7.1kB  dist/organism/dropDown/index.js
122 notice 992B   dist/organism/index.js
122 notice 2.9kB  dist/organism/numberInput/index.js
122 notice 1.4kB  dist/organism/select/components/fleshIcon/index.js
122 notice 3.7kB  dist/organism/select/components/list/multiSelect/index.js
122 notice 3.9kB  dist/organism/select/components/list/singleSelect/index.js
122 notice 2.0kB  dist/organism/select/components/option/index.js
122 notice 16.4kB dist/organism/select/index.js
122 notice 8.5kB  dist/organism/Table/body/index.js
122 notice 2.5kB  dist/organism/Table/cell/index.js
122 notice 3.3kB  dist/organism/Table/column/index.js
122 notice 860B   dist/organism/Table/context/index.js
122 notice 6.8kB  dist/organism/Table/header/index.js
122 notice 25.8kB dist/organism/Table/index.js
122 notice 3.6kB  dist/organism/Table/row/index.js
122 notice 6.5kB  dist/organism/Table/rowContainer/index.js
122 notice 7.5kB  dist/organism/Table/searchBar/index.js
122 notice 6.4kB  dist/theme/converPxToVp/index.js
122 notice 867B   dist/theme/index.js
122 notice 240B   dist/types/index.js
122 notice 3.3kB  dist/molecules/tabs/internalTabPane.js
122 notice 274B   dist/molecules/tree/context/levelProvider.js
122 notice 6.0kB  dist/molecules/datepicker/components/rangePickerPanel/rangePickerPanel.js
122 notice 715B   dist/atoms/drawer/style.js
122 notice 1.1kB  dist/atoms/modal/style.js
122 notice 1.1kB  dist/atoms/scrollView/style.js
122 notice 1.2kB  dist/atoms/spinner/style.js
122 notice 1.0kB  dist/atoms/switch/style.js
122 notice 7.7kB  dist/atoms/text/style.js
122 notice 717B   dist/atoms/tooltip/style.js
122 notice 3.6kB  dist/molecules/button/style.js
122 notice 1.4kB  dist/molecules/checkbox/customSquare/style.js
122 notice 972B   dist/molecules/checkbox/indeterminate/style.js
122 notice 979B   dist/molecules/checkbox/style.js
122 notice 893B   dist/molecules/collapse/panel/style.js
122 notice 355B   dist/molecules/datepicker/components/calendar/style.js
122 notice 692B   dist/molecules/datepicker/components/datePickerPanel/style.js
122 notice 666B   dist/molecules/datepicker/components/daysOfWeek/style.js
122 notice 443B   dist/molecules/datepicker/components/expandIcon/style.js
122 notice 958B   dist/molecules/datepicker/components/header/style.js
122 notice 683B   dist/molecules/datepicker/components/manualImportDate/style.js
122 notice 848B   dist/molecules/datepicker/components/matrix/style.js
122 notice 787B   dist/molecules/datepicker/components/panel/style.js
122 notice 597B   dist/molecules/datepicker/components/wrapperTemplate/style.js
122 notice 1.1kB  dist/molecules/file-input/style.js
122 notice 739B   dist/molecules/noContent/style.js
122 notice 1.8kB  dist/molecules/radio/internalRadio/style.js
122 notice 3.6kB  dist/molecules/tabs/style.js
122 notice 2.4kB  dist/molecules/textInput/style.js
122 notice 1.2kB  dist/molecules/tree/collapse/style.js
122 notice 2.4kB  dist/molecules/tree/item/defaultNode/style.js
122 notice 1.7kB  dist/molecules/tree/item/style.js
122 notice 641B   dist/molecules/tree/style.js
122 notice 1.2kB  dist/organism/dropDown/style.js
122 notice 992B   dist/organism/numberInput/style.js
122 notice 491B   dist/organism/select/components/fleshIcon/style.js
122 notice 764B   dist/organism/select/components/option/style.js
122 notice 1.6kB  dist/organism/select/style.js
122 notice 475B   dist/organism/Table/body/style.js
122 notice 418B   dist/organism/Table/cell/style.js
122 notice 536B   dist/organism/Table/column/style.js
122 notice 1.1kB  dist/organism/Table/header/style.js
122 notice 1.2kB  dist/organism/Table/row/style.js
122 notice 842B   dist/organism/Table/rowContainer/style.js
122 notice 1.4kB  dist/organism/Table/searchBar/style.js
122 notice 1.2kB  dist/organism/Table/style.js
122 notice 288B   dist/molecules/tree/context/treeProvider.js
122 notice 112B   dist/molecules/datepicker/components/types.js
122 notice 305B   dist/molecules/textInput/types.js
122 notice 112B   dist/molecules/tree/types.js
122 notice 112B   dist/organism/select/components/list/types.js
122 notice 112B   dist/organism/select/types.js
122 notice 735B   dist/molecules/file-input/useFileInput.js
122 notice 972B   package.json
122 notice 1.6kB  dist/atoms/text/baseText/baseText.js.map
122 notice 743B   dist/molecules/datepicker/utils/calendarMode.js.map
122 notice 367B   dist/molecules/datepicker/utils/checkDateIsValid.js.map
122 notice 515B   dist/molecules/datepicker/utils/chuckDaysOfMonth.js.map
122 notice 387B   dist/molecules/collapse/context.js.map
122 notice 339B   dist/molecules/datepicker/components/manualImportDate/context.js.map
122 notice 855B   dist/molecules/datepicker/context.js.map
122 notice 343B   dist/molecules/radio/context.js.map
122 notice 2.2kB  dist/theme/context.js.map
122 notice 2.4kB  dist/atoms/baseIcon/createIconSet.js.map
122 notice 747B   dist/molecules/radio/internalRadio/customCircle.js.map
122 notice 993B   dist/molecules/datepicker/utils/getDaysOfMonth.js.map
122 notice 131B   dist/atoms/baseIcon/iconNames.js.map
122 notice 4.4kB  dist/atoms/baseIcon/iconsContent.js.map
122 notice 842B   dist/atoms/baseIcon/index.js.map
122 notice 3.7kB  dist/atoms/drawer/index.js.map
122 notice 229B   dist/atoms/index.js.map
122 notice 1.7kB  dist/atoms/modal/index.js.map
122 notice 560B   dist/atoms/scrollView/index.js.map
122 notice 1.8kB  dist/atoms/spinner/index.js.map
122 notice 2.6kB  dist/atoms/switch/index.js.map
122 notice 1.4kB  dist/atoms/text/index.js.map
122 notice 4.6kB  dist/atoms/tooltip/index.js.map
122 notice 168B   dist/index.js.map
122 notice 3.7kB  dist/molecules/button/index.js.map
122 notice 741B   dist/molecules/checkbox/customSquare/index.js.map
122 notice 651B   dist/molecules/checkbox/indeterminate/index.js.map
122 notice 1.1kB  dist/molecules/checkbox/index.js.map
122 notice 1.7kB  dist/molecules/collapse/index.js.map
122 notice 1.9kB  dist/molecules/collapse/panel/index.js.map
122 notice 790B   dist/molecules/datepicker/components/calendar/index.js.map
122 notice 588B   dist/molecules/datepicker/components/datePicker/index.js.map
122 notice 1.1kB  dist/molecules/datepicker/components/datePickerPanel/index.js.map
122 notice 5.2kB  dist/molecules/datepicker/components/datePickerProvider/index.js.map
122 notice 1.1kB  dist/molecules/datepicker/components/daysOfWeek/index.js.map
122 notice 1.0kB  dist/molecules/datepicker/components/expandIcon/index.js.map
122 notice 2.4kB  dist/molecules/datepicker/components/header/index.js.map
122 notice 1.6kB  dist/molecules/datepicker/components/inputDatePicker/index.js.map
122 notice 5.2kB  dist/molecules/datepicker/components/manualImportDate/index.js.map
122 notice 2.2kB  dist/molecules/datepicker/components/matrix/index.js.map
122 notice 2.7kB  dist/molecules/datepicker/components/panel/index.js.map
122 notice 1.3kB  dist/molecules/datepicker/components/wrapperTemplate/index.js.map
122 notice 237B   dist/molecules/datepicker/index.js.map
122 notice 1.3kB  dist/molecules/file-input/index.js.map
122 notice 260B   dist/molecules/index.js.map
122 notice 648B   dist/molecules/noContent/index.js.map
122 notice 1.0kB  dist/molecules/radio/group/index.js.map
122 notice 232B   dist/molecules/radio/index.js.map
122 notice 2.9kB  dist/molecules/radio/internalRadio/index.js.map
122 notice 3.3kB  dist/molecules/tabs/index.js.map
122 notice 9.5kB  dist/molecules/textInput/index.js.map
122 notice 443B   dist/molecules/textInput/TextInputState/index.js.map
122 notice 2.7kB  dist/molecules/tree/collapse/index.js.map
122 notice 2.0kB  dist/molecules/tree/index.js.map
122 notice 2.3kB  dist/molecules/tree/item/defaultNode/index.js.map
122 notice 1.5kB  dist/molecules/tree/item/index.js.map
122 notice 3.7kB  dist/organism/dropDown/index.js.map
122 notice 181B   dist/organism/index.js.map
122 notice 1.2kB  dist/organism/numberInput/index.js.map
122 notice 680B   dist/organism/select/components/fleshIcon/index.js.map
122 notice 2.0kB  dist/organism/select/components/list/multiSelect/index.js.map
122 notice 1.9kB  dist/organism/select/components/list/singleSelect/index.js.map
122 notice 798B   dist/organism/select/components/option/index.js.map
122 notice 5.7kB  dist/organism/select/index.js.map
122 notice 2.0kB  dist/organism/Table/body/index.js.map
122 notice 883B   dist/organism/Table/cell/index.js.map
122 notice 1.9kB  dist/organism/Table/column/index.js.map
122 notice 713B   dist/organism/Table/context/index.js.map
122 notice 1.6kB  dist/organism/Table/header/index.js.map
122 notice 8.8kB  dist/organism/Table/index.js.map
122 notice 1.4kB  dist/organism/Table/row/index.js.map
122 notice 2.3kB  dist/organism/Table/rowContainer/index.js.map
122 notice 1.9kB  dist/organism/Table/searchBar/index.js.map
122 notice 5.0kB  dist/theme/converPxToVp/index.js.map
122 notice 322B   dist/theme/index.js.map
122 notice 177B   dist/types/index.js.map
122 notice 1.4kB  dist/molecules/tabs/internalTabPane.js.map
122 notice 228B   dist/molecules/tree/context/levelProvider.js.map
122 notice 2.9kB  dist/molecules/datepicker/components/rangePickerPanel/rangePickerPanel.js.map
122 notice 510B   dist/atoms/drawer/style.js.map
122 notice 741B   dist/atoms/modal/style.js.map
122 notice 742B   dist/atoms/scrollView/style.js.map
122 notice 715B   dist/atoms/spinner/style.js.map
122 notice 803B   dist/atoms/switch/style.js.map
122 notice 3.8kB  dist/atoms/text/style.js.map
122 notice 509B   dist/atoms/tooltip/style.js.map
122 notice 2.0kB  dist/molecules/button/style.js.map
122 notice 896B   dist/molecules/checkbox/customSquare/style.js.map
122 notice 600B   dist/molecules/checkbox/indeterminate/style.js.map
122 notice 644B   dist/molecules/checkbox/style.js.map
122 notice 603B   dist/molecules/collapse/panel/style.js.map
122 notice 328B   dist/molecules/datepicker/components/calendar/style.js.map
122 notice 597B   dist/molecules/datepicker/components/datePickerPanel/style.js.map
122 notice 530B   dist/molecules/datepicker/components/daysOfWeek/style.js.map
122 notice 381B   dist/molecules/datepicker/components/expandIcon/style.js.map
122 notice 829B   dist/molecules/datepicker/components/header/style.js.map
122 notice 532B   dist/molecules/datepicker/components/manualImportDate/style.js.map
122 notice 689B   dist/molecules/datepicker/components/matrix/style.js.map
122 notice 654B   dist/molecules/datepicker/components/panel/style.js.map
122 notice 511B   dist/molecules/datepicker/components/wrapperTemplate/style.js.map
122 notice 735B   dist/molecules/file-input/style.js.map
122 notice 467B   dist/molecules/noContent/style.js.map
122 notice 1.3kB  dist/molecules/radio/internalRadio/style.js.map
122 notice 2.1kB  dist/molecules/tabs/style.js.map
122 notice 1.5kB  dist/molecules/textInput/style.js.map
122 notice 728B   dist/molecules/tree/collapse/style.js.map
122 notice 1.4kB  dist/molecules/tree/item/defaultNode/style.js.map
122 notice 1.0kB  dist/molecules/tree/item/style.js.map
122 notice 413B   dist/molecules/tree/style.js.map
122 notice 756B   dist/organism/dropDown/style.js.map
122 notice 682B   dist/organism/numberInput/style.js.map
122 notice 368B   dist/organism/select/components/fleshIcon/style.js.map
122 notice 527B   dist/organism/select/components/option/style.js.map
122 notice 1.0kB  dist/organism/select/style.js.map
122 notice 359B   dist/organism/Table/body/style.js.map
122 notice 352B   dist/organism/Table/cell/style.js.map
122 notice 413B   dist/organism/Table/column/style.js.map
122 notice 761B   dist/organism/Table/header/style.js.map
122 notice 797B   dist/organism/Table/row/style.js.map
122 notice 550B   dist/organism/Table/rowContainer/style.js.map
122 notice 988B   dist/organism/Table/searchBar/style.js.map
122 notice 996B   dist/organism/Table/style.js.map
122 notice 247B   dist/molecules/tree/context/treeProvider.js.map
122 notice 143B   dist/molecules/datepicker/components/types.js.map
122 notice 144B   dist/molecules/textInput/types.js.map
122 notice 123B   dist/molecules/tree/types.js.map
122 notice 146B   dist/organism/select/components/list/types.js.map
122 notice 124B   dist/organism/select/types.js.map
122 notice 665B   dist/molecules/file-input/useFileInput.js.map
122 notice 7.7kB  src/stories/Introduction.stories.mdx
122 notice 1.5kB  src/stories/assets/code-brackets.svg
122 notice 8.5kB  src/stories/assets/colors.svg
122 notice 1.5kB  src/stories/assets/comments.svg
122 notice 1.3kB  src/stories/assets/direction.svg
122 notice 1.4kB  src/stories/assets/flow.svg
122 notice 2.2kB  src/stories/assets/plugin.svg
122 notice 1.6kB  src/stories/assets/repo.svg
122 notice 2.5kB  src/stories/assets/stackalt.svg
122 notice 108B   src/__test__/atomic.test.ts
122 notice 852B   types/atoms/text/baseText/baseText.d.ts
122 notice 1.0kB  types/molecules/datepicker/utils/calendarMode.d.ts
122 notice 860B   src/molecules/datepicker/utils/calendarMode.ts
122 notice 67B    types/molecules/datepicker/utils/checkDateIsValid.d.ts
122 notice 196B   src/molecules/datepicker/utils/checkDateIsValid.ts
122 notice 145B   types/molecules/datepicker/utils/chuckDaysOfMonth.d.ts
122 notice 377B   src/molecules/datepicker/utils/chuckDaysOfMonth.ts
122 notice 327B   types/molecules/collapse/context.d.ts
122 notice 2.7kB  types/molecules/datepicker/components/manualImportDate/context.d.ts
122 notice 1.2kB  types/molecules/datepicker/context.d.ts
122 notice 371B   types/molecules/radio/context.d.ts
122 notice 2.6kB  types/theme/context.d.ts
122 notice 466B   src/molecules/collapse/context.ts
122 notice 360B   src/molecules/datepicker/components/manualImportDate/context.ts
122 notice 2.3kB  src/molecules/datepicker/context.ts
122 notice 559B   src/molecules/radio/context.ts
122 notice 1.9kB  types/atoms/baseIcon/createIconSet.d.ts
122 notice 615B   src/custom.d.ts
122 notice 278B   types/molecules/radio/internalRadio/customCircle.d.ts
122 notice 133B   types/molecules/datepicker/utils/getDaysOfMonth.d.ts
122 notice 859B   src/molecules/datepicker/utils/getDaysOfMonth.ts
122 notice 6.4kB  types/atoms/baseIcon/iconNames.d.ts
122 notice 6.4kB  src/atoms/baseIcon/iconNames.ts
122 notice 8.7kB  types/atoms/baseIcon/iconsContent.d.ts
122 notice 7.4kB  src/atoms/baseIcon/iconsContent.ts
122 notice 228B   types/molecules/checkbox/customRectangle/indeterminate.d.ts
122 notice 626B   types/atoms/baseIcon/index.d.ts
122 notice 649B   types/atoms/drawer/index.d.ts
122 notice 221B   types/atoms/index.d.ts
122 notice 542B   types/atoms/modal/index.d.ts
122 notice 297B   types/atoms/scrollView/index.d.ts
122 notice 257B   types/atoms/search-box/index.d.ts
122 notice 298B   types/atoms/spinner/index.d.ts
122 notice 460B   types/atoms/switch/index.d.ts
122 notice 497B   types/atoms/text/index.d.ts
122 notice 652B   types/atoms/tooltip/index.d.ts
122 notice 111B   types/index.d.ts
122 notice 638B   types/molecules/button/index.d.ts
122 notice 200B   types/molecules/checkbox/customSquare/index.d.ts
122 notice 108B   types/molecules/checkbox/indeterminate/index.d.ts
122 notice 361B   types/molecules/checkbox/index.d.ts
122 notice 587B   types/molecules/collapse/index.d.ts
122 notice 324B   types/molecules/collapse/panel/index.d.ts
122 notice 92B    types/molecules/cover/index.d.ts
122 notice 98B    types/molecules/datepicker/components/calendar/index.d.ts
122 notice 458B   types/molecules/datepicker/components/datePicker/index.d.ts
122 notice 90B    types/molecules/datepicker/components/datePickerPanel/index.d.ts
122 notice 239B   types/molecules/datepicker/components/datePickerProvider/index.d.ts
122 notice 90B    types/molecules/datepicker/components/daysOfWeek/index.d.ts
122 notice 152B   types/molecules/datepicker/components/expandIcon/index.d.ts
122 notice 81B    types/molecules/datepicker/components/header/index.d.ts
122 notice 527B   types/molecules/datepicker/components/inputDatePicker/index.d.ts
122 notice 259B   types/molecules/datepicker/components/manualImportDate/index.d.ts
122 notice 81B    types/molecules/datepicker/components/matrix/index.d.ts
122 notice 80B    types/molecules/datepicker/components/panel/index.d.ts
122 notice 391B   types/molecules/datepicker/components/wrapperTemplate/index.d.ts
122 notice 204B   types/molecules/datepicker/index.d.ts
122 notice 282B   types/molecules/file-input/index.d.ts
122 notice 283B   types/molecules/index.d.ts
122 notice 181B   types/molecules/noContent/index.d.ts
122 notice 252B   types/molecules/node-button/index.d.ts
122 notice 544B   types/molecules/radio/group/index.d.ts
122 notice 354B   types/molecules/radio/index.d.ts
122 notice 375B   types/molecules/radio/internalRadio/index.d.ts
122 notice 710B   types/molecules/tabs/index.d.ts
122 notice 242B   types/molecules/textInput/index.d.ts
122 notice 715B   types/molecules/textInput/TextInputState/index.d.ts
122 notice 294B   types/molecules/tree/collapse/index.d.ts
122 notice 225B   types/molecules/tree/index.d.ts
122 notice 273B   types/molecules/tree/item/defaultNode/index.d.ts
122 notice 267B   types/molecules/tree/item/index.d.ts
122 notice 461B   types/organism/confirmationDialog/index.d.ts
122 notice 752B   types/organism/dropDown/index.d.ts
122 notice 114B   types/organism/index.d.ts
122 notice 452B   types/organism/numberInput/index.d.ts
122 notice 241B   types/organism/select/clear/index.d.ts
122 notice 241B   types/organism/select/components/clear/index.d.ts
122 notice 144B   types/organism/select/components/fleshIcon/index.d.ts
122 notice 292B   types/organism/select/components/list/multiSelect/index.d.ts
122 notice 289B   types/organism/select/components/list/singleSelect/index.d.ts
122 notice 202B   types/organism/select/components/option/index.d.ts
122 notice 691B   types/organism/select/index.d.ts
122 notice 188B   types/organism/select/option/index.d.ts
122 notice 701B   types/organism/Table/body/index.d.ts
122 notice 370B   types/organism/Table/cell/index.d.ts
122 notice 890B   types/organism/Table/column/index.d.ts
122 notice 1.1kB  types/organism/Table/context/index.d.ts
122 notice 468B   types/organism/Table/header/index.d.ts
122 notice 1.3kB  types/organism/Table/index.d.ts
122 notice 701B   types/organism/Table/row/index.d.ts
122 notice 498B   types/organism/Table/rowContainer/index.d.ts
122 notice 643B   types/organism/Table/searchBar/index.d.ts
122 notice 78B    types/theme/converPxToVp/index.d.ts
122 notice 637B   types/theme/index.d.ts
122 notice 144B   types/types/index.d.ts
122 notice 221B   src/atoms/index.ts
122 notice 111B   src/index.ts
122 notice 201B   src/molecules/datepicker/index.ts
122 notice 936B   src/molecules/textInput/TextInputState/index.ts
122 notice 5.7kB  src/theme/converPxToVp/index.ts
122 notice 340B   types/molecules/checkbox/customRectangle/inex.d.ts
122 notice 539B   types/molecules/tabs/internalTabPane.d.ts
122 notice 121B   types/molecules/tree/context/levelProvider.d.ts
122 notice 106B   src/molecules/tree/context/levelProvider.ts
122 notice 491B   types/molecules/datepicker/components/rangePickerPanel/rangePickerPanel.d.ts
122 notice 225B   types/atoms/drawer/style.d.ts
122 notice 207B   types/atoms/modal/style.d.ts
122 notice 181B   types/atoms/scrollView/style.d.ts
122 notice 181B   types/atoms/search-box/style.d.ts
122 notice 186B   types/atoms/spinner/style.d.ts
122 notice 204B   types/atoms/switch/style.d.ts
122 notice 2.8kB  types/atoms/text/style.d.ts
122 notice 202B   types/atoms/tooltip/style.d.ts
122 notice 357B   types/molecules/button/style.d.ts
122 notice 222B   types/molecules/checkbox/customSquare/style.d.ts
122 notice 177B   types/molecules/checkbox/indeterminate/style.d.ts
122 notice 215B   types/molecules/checkbox/style.d.ts
122 notice 197B   types/molecules/collapse/panel/style.d.ts
122 notice 170B   types/molecules/cover/style.d.ts
122 notice 174B   types/molecules/datepicker/components/calendar/style.d.ts
122 notice 217B   types/molecules/datepicker/components/datePickerPanel/style.d.ts
122 notice 178B   types/molecules/datepicker/components/daysOfWeek/style.d.ts
122 notice 154B   types/molecules/datepicker/components/expandIcon/style.d.ts
122 notice 255B   types/molecules/datepicker/components/header/style.d.ts
122 notice 237B   types/molecules/datepicker/components/manualImportDate/style.d.ts
122 notice 224B   types/molecules/datepicker/components/matrix/style.d.ts
122 notice 251B   types/molecules/datepicker/components/panel/style.d.ts
122 notice 184B   types/molecules/datepicker/components/wrapperTemplate/style.d.ts
122 notice 180B   types/molecules/file-input/style.d.ts
122 notice 174B   types/molecules/noContent/style.d.ts
122 notice 195B   types/molecules/node-button/style.d.ts
122 notice 309B   types/molecules/radio/internalRadio/style.d.ts
122 notice 355B   types/molecules/tabs/style.d.ts
122 notice 389B   types/molecules/textInput/style.d.ts
122 notice 197B   types/molecules/tree/collapse/style.d.ts
122 notice 275B   types/molecules/tree/item/defaultNode/style.d.ts
122 notice 193B   types/molecules/tree/item/style.d.ts
122 notice 146B   types/molecules/tree/style.d.ts
122 notice 252B   types/organism/confirmationDialog/style.d.ts
122 notice 189B   types/organism/dropDown/style.d.ts
122 notice 187B   types/organism/numberInput/style.d.ts
122 notice 144B   types/organism/select/clear/style.d.ts
122 notice 157B   types/organism/select/components/fleshIcon/style.d.ts
122 notice 166B   types/organism/select/components/option/style.d.ts
122 notice 180B   types/organism/select/option/style.d.ts
122 notice 246B   types/organism/select/style.d.ts
122 notice 164B   types/organism/Table/body/style.d.ts
122 notice 149B   types/organism/Table/cell/style.d.ts
122 notice 193B   types/organism/Table/column/style.d.ts
122 notice 225B   types/organism/Table/header/style.d.ts
122 notice 331B   types/organism/Table/row/style.d.ts
122 notice 203B   types/organism/Table/rowContainer/style.d.ts
122 notice 252B   types/organism/Table/searchBar/style.d.ts
122 notice 291B   types/organism/Table/style.d.ts
122 notice 535B   src/atoms/drawer/style.ts
122 notice 852B   src/atoms/modal/style.ts
122 notice 913B   src/atoms/scrollView/style.ts
122 notice 969B   src/atoms/spinner/style.ts
122 notice 852B   src/atoms/switch/style.ts
122 notice 5.5kB  src/atoms/text/style.ts
122 notice 507B   src/atoms/tooltip/style.ts
122 notice 2.4kB  src/molecules/button/style.ts
122 notice 871B   src/molecules/checkbox/customSquare/style.ts
122 notice 612B   src/molecules/checkbox/indeterminate/style.ts
122 notice 739B   src/molecules/checkbox/style.ts
122 notice 616B   src/molecules/collapse/panel/style.ts
122 notice 210B   src/molecules/datepicker/components/calendar/style.ts
122 notice 533B   src/molecules/datepicker/components/datePickerPanel/style.ts
122 notice 506B   src/molecules/datepicker/components/daysOfWeek/style.ts
122 notice 797B   src/molecules/datepicker/components/header/style.ts
122 notice 501B   src/molecules/datepicker/components/manualImportDate/style.ts
122 notice 687B   src/molecules/datepicker/components/matrix/style.ts
122 notice 452B   src/molecules/datepicker/components/wrapperTemplate/style.ts
122 notice 838B   src/molecules/file-input/style.ts
122 notice 558B   src/molecules/noContent/style.ts
122 notice 1.6kB  src/molecules/radio/internalRadio/style.ts
122 notice 2.9kB  src/molecules/tabs/style.ts
122 notice 1.7kB  src/molecules/textInput/style.ts
122 notice 820B   src/molecules/tree/collapse/style.ts
122 notice 1.7kB  src/molecules/tree/item/defaultNode/style.ts
122 notice 1.2kB  src/molecules/tree/item/style.ts
122 notice 434B   src/molecules/tree/style.ts
122 notice 859B   src/organism/dropDown/style.ts
122 notice 800B   src/organism/numberInput/style.ts
122 notice 335B   src/organism/select/components/fleshIcon/style.ts
122 notice 507B   src/organism/select/components/option/style.ts
122 notice 1.3kB  src/organism/select/style.ts
122 notice 313B   src/organism/Table/body/style.ts
122 notice 278B   src/organism/Table/cell/style.ts
122 notice 366B   src/organism/Table/column/style.ts
122 notice 777B   src/organism/Table/header/style.ts
122 notice 851B   src/organism/Table/row/style.ts
122 notice 509B   src/organism/Table/rowContainer/style.ts
122 notice 1.0kB  src/organism/Table/searchBar/style.ts
122 notice 1.1kB  src/organism/Table/style.ts
122 notice 187B   types/molecules/tree/context/treeProvider.d.ts
122 notice 180B   src/molecules/tree/context/treeProvider.ts
122 notice 624B   types/molecules/button/types.d.ts
122 notice 615B   types/molecules/datepicker/components/types.d.ts
122 notice 2.7kB  types/molecules/textInput/types.d.ts
122 notice 1.6kB  types/molecules/tree/types.d.ts
122 notice 275B   types/organism/select/components/list/types.d.ts
122 notice 1.6kB  types/organism/select/types.d.ts
122 notice 574B   src/molecules/datepicker/components/types.ts
122 notice 2.8kB  src/molecules/textInput/types.ts
122 notice 1.5kB  src/molecules/tree/types.ts
122 notice 276B   src/organism/select/components/list/types.ts
122 notice 1.6kB  src/organism/select/types.ts
122 notice 309B   types/molecules/file-input/useFileInput.d.ts
122 notice 554B   src/molecules/file-input/useFileInput.ts
122 notice 1.1kB  src/stories/base/collapse/accordion.stories.tsx
122 notice 2.5kB  src/atoms/text/baseText/baseText.tsx
122 notice 882B   src/stories/base/button/buttonWithLoading.stories.tsx
122 notice 3.9kB  src/theme/context.tsx
122 notice 3.8kB  src/atoms/baseIcon/createIconSet.tsx
122 notice 783B   src/molecules/radio/internalRadio/customCircle.tsx
122 notice 1.6kB  src/stories/base/drawer/drawer.stories.tsx
122 notice 1.4kB  src/stories/base/checkbox/index.stories.tsx
122 notice 1.1kB  src/stories/base/collapse/index.stories.tsx
122 notice 1.8kB  src/stories/base/datepicker/index.stories.tsx
122 notice 750B   src/stories/base/dropDown/index.stories.tsx
122 notice 356B   src/stories/base/file-input/index.stories.tsx
122 notice 609B   src/stories/base/icon/index.stories.tsx
122 notice 1.6kB  src/stories/base/inputDatePicker/index.stories.tsx
122 notice 820B   src/stories/base/loading/index.stories.tsx
122 notice 586B   src/stories/base/numberInput/index.stories.tsx
122 notice 1.5kB  src/stories/base/radio/index.stories.tsx
122 notice 927B   src/stories/base/switch/index.stories.tsx
122 notice 1.5kB  src/stories/base/tab/index.stories.tsx
122 notice 753B   src/stories/base/text/index.stories.tsx
122 notice 1.2kB  src/stories/base/textInput/index.stories.tsx
122 notice 3.3kB  src/stories/base/tree/index.stories.tsx
122 notice 1.4kB  src/atoms/baseIcon/index.tsx
122 notice 4.3kB  src/atoms/drawer/index.tsx
122 notice 2.1kB  src/atoms/modal/index.tsx
122 notice 647B   src/atoms/scrollView/index.tsx
122 notice 2.0kB  src/atoms/spinner/index.tsx
122 notice 3.1kB  src/atoms/switch/index.tsx
122 notice 1.7kB  src/atoms/text/index.tsx
122 notice 5.3kB  src/atoms/tooltip/index.tsx
122 notice 4.4kB  src/molecules/button/index.tsx
122 notice 745B   src/molecules/checkbox/customSquare/index.tsx
122 notice 577B   src/molecules/checkbox/indeterminate/index.tsx
122 notice 1.4kB  src/molecules/checkbox/index.tsx
122 notice 1.9kB  src/molecules/collapse/index.tsx
122 notice 2.2kB  src/molecules/collapse/panel/index.tsx
122 notice 773B   src/molecules/datepicker/components/calendar/index.tsx
122 notice 919B   src/molecules/datepicker/components/datePicker/index.tsx
122 notice 1.2kB  src/molecules/datepicker/components/datePickerPanel/index.tsx
122 notice 5.8kB  src/molecules/datepicker/components/datePickerProvider/index.tsx
122 notice 1.0kB  src/molecules/datepicker/components/daysOfWeek/index.tsx
122 notice 1.1kB  src/molecules/datepicker/components/expandIcon/index.tsx
122 notice 2.3kB  src/molecules/datepicker/components/header/index.tsx
122 notice 2.2kB  src/molecules/datepicker/components/inputDatePicker/index.tsx
122 notice 6.5kB  src/molecules/datepicker/components/manualImportDate/index.tsx
122 notice 3.0kB  src/molecules/datepicker/components/matrix/index.tsx
122 notice 1.9kB  src/molecules/datepicker/components/wrapperTemplate/index.tsx
122 notice 1.6kB  src/molecules/file-input/index.tsx
122 notice 283B   src/molecules/index.tsx
122 notice 637B   src/molecules/noContent/index.tsx
122 notice 1.3kB  src/molecules/radio/group/index.tsx
122 notice 385B   src/molecules/radio/index.tsx
122 notice 3.6kB  src/molecules/radio/internalRadio/index.tsx
122 notice 3.9kB  src/molecules/tabs/index.tsx
122 notice 13.1kB src/molecules/textInput/index.tsx
122 notice 2.8kB  src/molecules/tree/collapse/index.tsx
122 notice 2.4kB  src/molecules/tree/index.tsx
122 notice 2.7kB  src/molecules/tree/item/defaultNode/index.tsx
122 notice 1.9kB  src/molecules/tree/item/index.tsx
122 notice 5.1kB  src/organism/dropDown/index.tsx
122 notice 114B   src/organism/index.tsx
122 notice 1.4kB  src/organism/numberInput/index.tsx
122 notice 693B   src/organism/select/components/fleshIcon/index.tsx
122 notice 2.1kB  src/organism/select/components/list/multiSelect/index.tsx
122 notice 2.0kB  src/organism/select/components/list/singleSelect/index.tsx
122 notice 746B   src/organism/select/components/option/index.tsx
122 notice 6.8kB  src/organism/select/index.tsx
122 notice 3.0kB  src/organism/Table/body/index.tsx
122 notice 1.1kB  src/organism/Table/cell/index.tsx
122 notice 2.7kB  src/organism/Table/column/index.tsx
122 notice 1.5kB  src/organism/Table/context/index.tsx
122 notice 2.1kB  src/organism/Table/header/index.tsx
122 notice 10.6kB src/organism/Table/index.tsx
122 notice 1.5kB  src/organism/Table/row/index.tsx
122 notice 2.7kB  src/organism/Table/rowContainer/index.tsx
122 notice 2.6kB  src/organism/Table/searchBar/index.tsx
122 notice 367B   src/stories/container/index.tsx
122 notice 294B   src/theme/index.tsx
122 notice 128B   src/types/index.tsx
122 notice 1.9kB  src/molecules/tabs/internalTabPane.tsx
122 notice 1.5kB  src/stories/base/modal/modal.stories.tsx
122 notice 510B   src/stories/base/noContent/noContent.stories.tsx
122 notice 3.2kB  src/molecules/datepicker/components/rangePickerPanel/rangePickerPanel.tsx
122 notice 2.3kB  src/stories/base/table/regular.stories.tsx
122 notice 1.2kB  src/stories/base/button/regularButton.stories.tsx
122 notice 649B   src/stories/base/scrollView/scrollView.stories.tsx
122 notice 1.2kB  src/stories/base/select/select.stories.tsx
122 notice 298B   src/molecules/datepicker/components/expandIcon/style.tsx
122 notice 802B   src/stories/base/tooltip/tooltip.stories.tsx
123 notice === Tarball Details ===
124 notice name:          @shakil-design/component
124 notice version:       0.0.61
124 notice filename:      shakil-design-component-0.0.61.tgz
124 notice package size:  189.3 kB
124 notice unpacked size: 964.9 kB
124 notice shasum:        51c011f1a97af06f1f8852ea1adef4efe7b37591
124 notice integrity:     sha512-AaVwg3H+BaE1H[...]vYH/PSrb6lptg==
124 notice total files:   570
125 notice
126 silly lifecycle No script for "publish" in "@shakil-design/asset", continuing
127 silly lifecycle No script for "postpublish" in "@shakil-design/asset", continuing
128 success published @shakil-design/asset 0.0.61
129 notice
130 notice package: @shakil-design/asset@0.0.61
131 notice === Tarball Contents ===
132 notice 2.1kB   src/icomoon/demo-files/demo.css
132 notice 64.6kB  src/icomoon/style.css
132 notice 172.3kB src/icomoon/fonts/icomoon.eot
132 notice 165.1kB src/icomoon/demo.html
132 notice 1.0kB   src/icomoon/demo-files/demo.js
132 notice 321B    package.json
132 notice 926.2kB src/icomoon/selection.json
132 notice 981B    src/all-project-icon/Abstract Service Graph_Hamburger Menu.svg
132 notice 827B    src/all-project-icon/Abstract Service Graph_Menu_Reverse Icon.svg
132 notice 915B    src/all-project-icon/Abstract Service Graph_Menu_Toggle OFF.svg
132 notice 914B    src/all-project-icon/Abstract Service Graph_Menu_Toggle ON.svg
132 notice 289B    src/all-project-icon/Abstract Service Graph_Narrow Rectangle Icon.svg
132 notice 568B    src/all-project-icon/Abstract Service Graph_Plus Icon for next level.svg
132 notice 581B    src/all-project-icon/Abstract Service Graph_Trapezius Icon.svg
132 notice 378B    src/all-project-icon/Abstract Service Graph_Triangle Icon.svg
132 notice 292B    src/all-project-icon/Abstract Service Graph_Wide Rectangle Icon.svg
132 notice 654B    src/all-project-icon/Add Box_Add Icon.svg
132 notice 688B    src/all-project-icon/Amount Boxes_Decrease.svg
132 notice 669B    src/all-project-icon/Amount Boxes_Increase.svg
132 notice 845B    src/all-project-icon/BPM_Alert Icon.svg
132 notice 605B    src/all-project-icon/BPM_Blue Link.svg
132 notice 1.7kB   src/all-project-icon/BPM_Export.svg
132 notice 1.7kB   src/all-project-icon/BPM_Import.svg
132 notice 941B    src/all-project-icon/BPM_Purple Link.svg
132 notice 841B    src/all-project-icon/Calendar _ Apply Changes.svg
132 notice 1.7kB   src/all-project-icon/Calendar _ Calendar Icon.svg
132 notice 941B    src/all-project-icon/Calendar _ Close.svg
132 notice 510B    src/all-project-icon/Calendar _ Combo Calendar.svg
132 notice 683B    src/all-project-icon/Calendar _ Month _ Next Month.svg
132 notice 664B    src/all-project-icon/Calendar _ Month _ Previous Month.svg
132 notice 484B    src/all-project-icon/Calendar _ Year _ Next Year.svg
132 notice 633B    src/all-project-icon/Calendar _ Year _ Previous Year.svg
132 notice 607B    src/all-project-icon/Create Project_Alert Icon.svg
132 notice 664B    src/all-project-icon/Create Project_Checked Icon.svg
132 notice 900B    src/all-project-icon/Create Project_Download Icon.svg
132 notice 1.3kB   src/all-project-icon/Delete Icon.svg
132 notice 921B    src/all-project-icon/Discovery _ Map _ Node Icon.svg
132 notice 1.4kB   src/all-project-icon/Discovery _ Table _ Delete Icon.svg
132 notice 798B    src/all-project-icon/Discovery _ Table _ Edit Icon.svg
132 notice 944B    src/all-project-icon/Discovery _ Table _ Lambda Icon.svg
132 notice 2.7kB   src/all-project-icon/Discovery _ Table _ Service Icon.svg
132 notice 827B    src/all-project-icon/Edit Icon.svg
132 notice 819B    src/all-project-icon/Every Boxes _ About Icon.svg
132 notice 809B    src/all-project-icon/Every Boxes _ Back.svg
132 notice 702B    src/all-project-icon/Every Boxes _ Cross Icon.svg
132 notice 684B    src/all-project-icon/Every Boxes _ Flesh Icon for more choices.svg
132 notice 740B    src/all-project-icon/Every Boxes _ Full Screen Box.svg
132 notice 740B    src/all-project-icon/Every Boxes _ Full Screen.svg
132 notice 496B    src/all-project-icon/Every Boxes _ Radio Box.svg
132 notice 760B    src/all-project-icon/Every Boxes _ Toggle OFF.svg
132 notice 758B    src/all-project-icon/Every Boxes _ Toggle ON.svg
132 notice 702B    src/all-project-icon/Every Boxes_Cross Icon.svg
132 notice 495B    src/all-project-icon/Every Boxes_Flesh Icon for more choices.svg
132 notice 964B    src/all-project-icon/Every Tables _ Table _ Check Box in Rows.svg
132 notice 964B    src/all-project-icon/Every Tables _ Table _ Check Box on Title Bar A.svg
132 notice 942B    src/all-project-icon/Every Tables _ Table _ Check Box on Title Bar B.svg
132 notice 964B    src/all-project-icon/Every Tables _ Table _ Check Box on Title Bar C.svg
132 notice 382B    src/all-project-icon/Faults _ Node Status _ Alerts Status.svg
132 notice 847B    src/all-project-icon/Faults _ Send Message.svg
132 notice 782B    src/all-project-icon/Faults _ Sound & Color _ Info.svg
132 notice 1.1kB   src/all-project-icon/Faults _ Table _ Acknowledge not selected.svg
132 notice 1.0kB   src/all-project-icon/Faults _ Table _ Acknowledge selected.svg
132 notice 1.2kB   src/all-project-icon/Faults _ Table _ Clear not selected.svg
132 notice 1.4kB   src/all-project-icon/Faults _ Table _ Clear selected.svg
132 notice 763B    src/all-project-icon/Faults _ Table _ Go to.svg
132 notice 836B    src/all-project-icon/Faults _ Table _ Message not selected.svg
132 notice 625B    src/all-project-icon/Faults _ Table _ Message selected.svg
132 notice 736.3kB src/fonts/icomoon.svg
132 notice 738.3kB src/icomoon/fonts/icomoon.svg
132 notice 37.5kB  src/all-project-icon/Inventory _ Card.svg
132 notice 1.7kB   src/all-project-icon/Inventory _ Device Images _ Check Box for Selection.svg
132 notice 10.3kB  src/all-project-icon/Inventory _ Module.svg
132 notice 1.3MB   src/all-project-icon/Inventory _ Rack.svg
132 notice 355.1kB src/all-project-icon/Inventory _ Shelf.svg
132 notice 1.1kB   src/all-project-icon/Inventory _ Table _ Copy Icon.svg
132 notice 1.4kB   src/all-project-icon/Inventory _ Table _ Delete Icon.svg
132 notice 798B    src/all-project-icon/Inventory _ Table _ Edit Icon.svg
132 notice 1.9kB   src/all-project-icon/Inventory _ Table _ Users Icon.svg
132 notice 954B    src/all-project-icon/Map Box _ Fit to Screen.svg
132 notice 707B    src/all-project-icon/Map Box _ Full Screen.svg
132 notice 1.6kB   src/all-project-icon/Map Box _ Move Alert on Map.svg
132 notice 2.1kB   src/all-project-icon/Map Box _ Move Node.svg
132 notice 1.1kB   src/all-project-icon/Map Box _ Node Icon_Hover.svg
132 notice 1.1kB   src/all-project-icon/Map Box _ Node Icon.svg
132 notice 1.0kB   src/all-project-icon/Map Box _ Nodes Info.svg
132 notice 2.3kB   src/all-project-icon/Map Box _ View Links.svg
132 notice 1.7kB   src/all-project-icon/Map Box_Flag Icon_Hover.svg
132 notice 1.6kB   src/all-project-icon/Map Box_Flag Icon.svg
132 notice 1.1kB   src/all-project-icon/Map Box_Node Icon_Hover.svg
132 notice 1.1kB   src/all-project-icon/Map Box_Node Icon.svg
132 notice 1.1kB   src/all-project-icon/Menu Icon _ Create.svg
132 notice 1.2kB   src/all-project-icon/Menu Icon _ Cross.svg
132 notice 1.2kB   src/all-project-icon/Menu Icon _ Dashboard.svg
132 notice 1.3kB   src/all-project-icon/Menu Icon _ Discovery.svg
132 notice 1.1kB   src/all-project-icon/Menu Icon _ Export.svg
132 notice 942B    src/all-project-icon/Menu Icon _ Faults.svg
132 notice 1.1kB   src/all-project-icon/Menu Icon _ Import.svg
132 notice 1.3kB   src/all-project-icon/Menu Icon _ Inventory.svg
132 notice 976B    src/all-project-icon/Menu Icon _ Load.svg
132 notice 2.7kB   src/all-project-icon/Menu Icon _ Performance.svg
132 notice 1.1kB   src/all-project-icon/Menu Icon _ Save.svg
132 notice 1.2kB   src/all-project-icon/Menu Icon _ Services.svg
132 notice 2.4kB   src/all-project-icon/Menu Icon _ Sina Logo.svg
132 notice 3.4kB   src/all-project-icon/Menu Icon _ Topology.svg
132 notice 2.1kB   src/all-project-icon/Menu Icon _ User Management.svg
132 notice 896B    src/all-project-icon/Performance _ Edit Setting of Chart.svg
132 notice 3.3kB   src/all-project-icon/Performance _ No Chart Yet.svg
132 notice 990B    src/all-project-icon/Performance _ Print of Chart.svg
132 notice 404B    src/all-project-icon/Performance _ Table Setting _ Bullet.svg
132 notice 680B    src/all-project-icon/Performance _ Table Setting _ Cross icon for Delete Item.svg
132 notice 938B    src/all-project-icon/Performance _ Table Setting _ Move.svg
132 notice 8.8kB   src/all-project-icon/Performance _ Table Setting _ Time _ 1 day.svg
132 notice 4.0kB   src/all-project-icon/Performance _ Table Setting _ Time _ 1 hour.svg
132 notice 3.1kB   src/all-project-icon/Performance _ Table Setting _ Time _ 6 hours.svg
132 notice 6.4kB   src/all-project-icon/Performance _ Table Setting _ Time _ 7 days.svg
132 notice 1.1kB   src/all-project-icon/Performance _ Table Setting _ Tree view icon.svg
132 notice 905B    src/all-project-icon/Port Mapping _ Delete Item.svg
132 notice 1.1kB   src/all-project-icon/Port Mapping _ Next.svg
132 notice 759B    src/all-project-icon/Search Box_Search Icon.svg
132 notice 798B    src/all-project-icon/Service _ Table _ Edit Icon.svg
132 notice 1.1kB   src/all-project-icon/Services _ Port Mapping _ Show More.svg
132 notice 903B    src/all-project-icon/Services _ Table _ Active.svg
132 notice 1.4kB   src/all-project-icon/Services _ Table _ Delete Icon.svg
132 notice 2.2kB   src/all-project-icon/Services _ Table _ Settings Icon.svg
132 notice 934B    src/all-project-icon/Shelf View _ Components _ CFP2.svg
132 notice 668B    src/all-project-icon/Shelf View _ Components _ Ethernet.svg
132 notice 612B    src/all-project-icon/Shelf View _ Components _ HKP.svg
132 notice 669B    src/all-project-icon/Shelf View _ Components _ LC Connector.svg
132 notice 1.3kB   src/all-project-icon/Shelf View _ Components _ PWR.svg
132 notice 923B    src/all-project-icon/Shelf View _ Components _ QSFP or XFP.svg
132 notice 1.1kB   src/all-project-icon/Shelf View _ Components _ SC _ ACO Icon.svg
132 notice 1.5kB   src/all-project-icon/Shelf View _ Components _ SC _ LEDT Icon.svg
132 notice 751B    src/all-project-icon/Shelf View _ Components _ SC _ Power Icon.svg
132 notice 905B    src/all-project-icon/Shelf View _ Components _ SC _ RST Icon.svg
132 notice 754B    src/all-project-icon/Shelf View _ Components _ Seven Segments.svg
132 notice 904B    src/all-project-icon/Shelf View _ Components _ SFP plus.svg
132 notice 5.1kB   src/all-project-icon/Shelf View _ Fan NO.svg
132 notice 5.2kB   src/all-project-icon/Shelf View _ Fans.svg
132 notice 880B    src/all-project-icon/Shelf View _ Loopback.svg
132 notice 880B    src/all-project-icon/Shelf View _ PRBS.svg
132 notice 944B    src/all-project-icon/Shelf View _ Refresh.svg
132 notice 832B    src/all-project-icon/Shelf View _ Tabs _ Alarm Summary.svg
132 notice 722B    src/all-project-icon/Shelf View _ Tabs _ Cross.svg
132 notice 601B    src/all-project-icon/Shelf View _ Tabs _ Fan Alarm.svg
132 notice 2.4kB   src/all-project-icon/Shelf View _ Tabs _ Fan.svg
132 notice 1.7kB   src/all-project-icon/Shelf View _ Traffic Cone.svg
132 notice 1.7kB   src/all-project-icon/Table _ Calendar.svg
132 notice 1.2kB   src/all-project-icon/Table _ Clear Filters.svg
132 notice 728B    src/all-project-icon/Table _ Clock.svg
132 notice 754B    src/all-project-icon/Table _ Cross Icon for erasing all of filters.svg
132 notice 789B    src/all-project-icon/Table _ Cross Icon for erasing each filters.svg
132 notice 572B    src/all-project-icon/Table _ Filter.svg
132 notice 495B    src/all-project-icon/Table _ Flesh Icon for combo boxes (Show More).svg
132 notice 719B    src/all-project-icon/Table _ Go to.svg
132 notice 834B    src/all-project-icon/Table _ Info.svg
132 notice 868B    src/all-project-icon/Table _ Search Icon.svg
132 notice 538B    src/all-project-icon/Table _ Separate Line.svg
132 notice 744B    src/all-project-icon/Table _ Sort Icon_A to Z.svg
132 notice 908B    src/all-project-icon/Table _ Sort Icon_OFF.svg
132 notice 721B    src/all-project-icon/Table _ Sort Icon_Z to A.svg
132 notice 754B    src/all-project-icon/Table_Cross Icon for erasing all of filters.svg
132 notice 789B    src/all-project-icon/Table_Cross Icon for erasing each filters.svg
132 notice 495B    src/all-project-icon/Table_Flesh Icon for combo boxes.svg
132 notice 868B    src/all-project-icon/Table_Search Icon.svg
132 notice 538B    src/all-project-icon/Table_Separate Line.svg
132 notice 744B    src/all-project-icon/Table_Sort Icon_A to Z.svg
132 notice 908B    src/all-project-icon/Table_Sort Icon_OFF.svg
132 notice 721B    src/all-project-icon/Table_Sort Icon_Z to A.svg
132 notice 923B    src/all-project-icon/Title Bar Icon _ About.svg
132 notice 1.1kB   src/all-project-icon/Title Bar Icon _ Cross.svg
132 notice 941B    src/all-project-icon/Title Bar Icon _ Exit.svg
132 notice 1.2kB   src/all-project-icon/Title Bar Icon _ Help.svg
132 notice 1.1kB   src/all-project-icon/Title Bar Icon _ Lock.svg
132 notice 1.3kB   src/all-project-icon/Title Bar Icon _ Log Out.svg
132 notice 1.0kB   src/all-project-icon/Title Bar Icon _ Message.svg
132 notice 1.4kB   src/all-project-icon/Title Bar Icon _ Profile.svg
132 notice 1.1kB   src/all-project-icon/Title Bar Icon _ Sound OFF.svg
132 notice 1.3kB   src/all-project-icon/Title Bar Icon _ Sound ON.svg
132 notice 747B    src/all-project-icon/Tree View _ Search Icon.svg
132 notice 694B    src/all-project-icon/Tree View_Flesh Icon for next level.svg
132 notice 673B    src/all-project-icon/Tree View_Flesh Icon for previous level.svg
132 notice 1.4kB   src/all-project-icon/User Management _ Groups and User Tre View _ Delete Icon.svg
132 notice 1.2kB   src/all-project-icon/User Management _ NMS Tree Structure _ Discovery Icon.svg
132 notice 879B    src/all-project-icon/User Management _ NMS Tree Structure _ Faults Icon.svg
132 notice 1.5kB   src/all-project-icon/User Management _ NMS Tree Structure _ Inventory Icon.svg
132 notice 3.4kB   src/all-project-icon/User Management _ NMS Tree Structure _ Performance Icon.svg
132 notice 1.5kB   src/all-project-icon/User Management _ NMS Tree Structure _ Service Icon.svg
132 notice 3.3kB   src/all-project-icon/User Management _ NMS Tree Structure _ Topology Icon.svg
132 notice 2.1kB   src/all-project-icon/User Management _ NMS Tree Structure _ User Management Icon.svg
132 notice 1.1kB   src/all-project-icon/User Management _ Table _ Copy Icon.svg
132 notice 1.4kB   src/all-project-icon/User Management _ Table _ Delete Icon.svg
132 notice 798B    src/all-project-icon/User Management _ Table _ Edit Icon.svg
132 notice 1.0kB   src/all-project-icon/User Management _ Table _ Users Icon _ Only One User.svg
132 notice 1.5kB   src/all-project-icon/User Management _ Table _ Users Icon _ Selected.svg
132 notice 1.9kB   src/all-project-icon/User Management _ Table _ Users Icon.svg
132 notice 807.1kB src/fonts/FiraGO-Bold.ttf
132 notice 813.0kB src/fonts/FiraGO-BoldItalic.ttf
132 notice 805.3kB src/fonts/FiraGO-Book.ttf
132 notice 811.8kB src/fonts/FiraGO-BookItalic.ttf
132 notice 757.8kB src/fonts/FiraGO-Eight.ttf
132 notice 768.3kB src/fonts/FiraGO-EightItalic.ttf
132 notice 805.9kB src/fonts/FiraGO-ExtraBold.ttf
132 notice 812.6kB src/fonts/FiraGO-ExtraBoldItalic.ttf
132 notice 805.7kB src/fonts/FiraGO-ExtraLight.ttf
132 notice 813.7kB src/fonts/FiraGO-ExtraLightItalic.ttf
132 notice 754.7kB src/fonts/FiraGO-Four.ttf
132 notice 765.0kB src/fonts/FiraGO-FourItalic.ttf
132 notice 768.4kB src/fonts/FiraGO-Hair.ttf
132 notice 778.4kB src/fonts/FiraGO-HairItalic.ttf
132 notice 719.7kB src/fonts/FiraGO-Heavy.ttf
132 notice 730.9kB src/fonts/FiraGO-HeavyItalic.ttf
132 notice 813.1kB src/fonts/FiraGO-Italic.ttf
132 notice 805.3kB src/fonts/FiraGO-Light.ttf
132 notice 812.9kB src/fonts/FiraGO-LightItalic.ttf
132 notice 806.4kB src/fonts/FiraGO-Medium.ttf
132 notice 813.9kB src/fonts/FiraGO-MediumItalic.ttf
132 notice 804.9kB src/fonts/FiraGO-Regular.ttf
132 notice 806.7kB src/fonts/FiraGO-SemiBold.ttf
132 notice 813.7kB src/fonts/FiraGO-SemiBoldItalic.ttf
132 notice 793.4kB src/fonts/FiraGO-Thin.ttf
132 notice 802.1kB src/fonts/FiraGO-ThinItalic.ttf
132 notice 708.6kB src/fonts/FiraGO-Two.ttf
132 notice 720.6kB src/fonts/FiraGO-TwoItalic.ttf
132 notice 804.9kB src/fonts/FiraGO-UltraLight.ttf
132 notice 814.2kB src/fonts/FiraGO-UltraLightItalic.ttf
132 notice 172.2kB src/icomoon/fonts/icomoon.ttf
132 notice 755B    src/icomoon/Read Me.txt
132 notice 172.2kB src/icomoon/fonts/icomoon.woff
133 notice === Tarball Details ===
134 notice name:          @shakil-design/asset
134 notice version:       0.0.61
134 notice filename:      shakil-design-asset-0.0.61.tgz
134 notice package size:  11.6 MB
134 notice unpacked size: 28.8 MB
134 notice shasum:        eb40d06e3e67e41a76f8bc153d83388e3e4ef51d
134 notice integrity:     sha512-qRx4L1h1YUcx8[...]e/jc03kepWfWg==
134 notice total files:   228
135 notice
136 silly FetchError: network timeout at: https://registry.npmjs.org/@shakil-design%2futils
136 silly     at Timeout.<anonymous> (D:\project\shakil-design-release\node_modules\minipass-fetch\lib\index.js:108:18)
136 silly     at listOnTimeout (node:internal/timers:569:17)
136 silly     at process.processTimers (node:internal/timers:512:7)
136 silly  FetchError: network timeout at: https://registry.npmjs.org/@shakil-design%2futils
136 silly     at Timeout.<anonymous> (D:\project\shakil-design-release\node_modules\minipass-fetch\lib\index.js:108:18)
136 silly     at listOnTimeout (node:internal/timers:569:17)
136 silly     at process.processTimers (node:internal/timers:512:7) {
136 silly   code: 'FETCH_ERROR',
136 silly   errno: 'FETCH_ERROR',
136 silly   type: 'request-timeout'
136 silly }
137 error FETCH_ERROR network timeout at: https://registry.npmjs.org/@shakil-design%2futils
138 error FetchError: network timeout at: https://registry.npmjs.org/@shakil-design%2futils
138 error     at Timeout.<anonymous> (D:\project\shakil-design-release\node_modules\minipass-fetch\lib\index.js:108:18)
138 error     at listOnTimeout (node:internal/timers:569:17)
